Request is: http://taggerd.workspace.loc/page/5/38(301) -> http://taggerd.workspace.loc/info/ohrana-zhilya-v-moskve/(200)
Request is: http://taggerd.workspace.loc/page/27/44(301) -> http://taggerd.workspace.loc/info/page_44/(200)
Request is: http://taggerd.workspace.loc/page/5/74(301) -> http://taggerd.workspace.loc/info/page_74/(200)
Request is: http://taggerd.workspace.loc/page/5/90(301) -> http://taggerd.workspace.loc/info/page_90/(200)
Request is: http://taggerd.workspace.loc/page/27/41(301) -> http://taggerd.workspace.loc/info/page_41/(200)
Request is: http://taggerd.workspace.loc/page/0/47(301) -> http://taggerd.workspace.loc/info/page_47/(200)
Request is: http://taggerd.workspace.loc/page/0/8(301) -> http://taggerd.workspace.loc/info/page_8/(200)
Request is: http://taggerd.workspace.loc/page/5/103/(301) -> http://taggerd.workspace.loc/info/page_103/(200)
Request is: http://taggerd.workspace.loc/page/0/27(301) -> http://taggerd.workspace.loc/info/page_27/(200)
Request is: http://taggerd.workspace.loc/page/5/138/(301) -> http://taggerd.workspace.loc/info/page_138/(200)
Request is: http://taggerd.workspace.loc/page/27/30(301) -> http://taggerd.workspace.loc/info/page_30/(200)
Request is: http://taggerd.workspace.loc/page/0/4(301) -> http://taggerd.workspace.loc/info/oborudovanie/(200)
Request is: http://taggerd.workspace.loc/page/0/5(301) -> http://taggerd.workspace.loc/info/novosti-i-stati/(200)
Request is: http://taggerd.workspace.loc/page/0/6(301) -> http://taggerd.workspace.loc/info/ceny/(200)
Request is: http://taggerd.workspace.loc/page/5/85(301) -> http://taggerd.workspace.loc/info/page_85/(200)
Request is: http://taggerd.workspace.loc/calc/(200)
Request is: http://taggerd.workspace.loc/page/27/31(301) -> http://taggerd.workspace.loc/info/page_31/(200)
Request is: http://taggerd.workspace.loc/page/5/130/(301) -> http://taggerd.workspace.loc/info/page_130/(200)
Request is: http://taggerd.workspace.loc/page/5/89(301) -> http://taggerd.workspace.loc/info/page_89/(200)
Request is: http://taggerd.workspace.loc/page/4/16(301) -> http://taggerd.workspace.loc/info/page_16/(200)
Request is: http://taggerd.workspace.loc/page/5/137/(301) -> http://taggerd.workspace.loc/info/page_137/(200)
Request is: http://taggerd.workspace.loc/page/0/145/(301) -> http://taggerd.workspace.loc/info/page_145/(200)
Request is: http://taggerd.workspace.loc/page/27/36(301) -> http://taggerd.workspace.loc/info/page_36/(200)
Request is: http://taggerd.workspace.loc/page/27/34(301) -> http://taggerd.workspace.loc/info/page_34/(200)
Request is: http://taggerd.workspace.loc/page/5/152/(301) -> http://taggerd.workspace.loc/info/page_152/(200)
Request is: http://taggerd.workspace.loc/page/5/86(301) -> http://taggerd.workspace.loc/info/page_86/(200)
Request is: http://taggerd.workspace.loc/page/27/32(301) -> http://taggerd.workspace.loc/info/page_32/(200)
Request is: http://taggerd.workspace.loc/page/5/91(301) -> http://taggerd.workspace.loc/info/page_91/(200)
Request is: http://taggerd.workspace.loc/page/0/84/(301) -> http://taggerd.workspace.loc/info/partn%D1%91ram/(200)
Request is: http://taggerd.workspace.loc/page/5/135/(301) -> http://taggerd.workspace.loc/info/page_135/(200)
Request is: http://taggerd.workspace.loc/page/5/21(301) -> http://taggerd.workspace.loc/info/page_21/(200)
Request is: http://taggerd.workspace.loc/page/5/131(301) -> http://taggerd.workspace.loc/info/page_131/(200)
Request is: http://taggerd.workspace.loc/page/0/9(301) -> http://taggerd.workspace.loc/info/page_9/(200)
Request is: http://taggerd.workspace.loc/page/0/26/(301) -> http://taggerd.workspace.loc/info/page_26/(200)
Request is: http://taggerd.workspace.loc/page/5/100(301) -> http://taggerd.workspace.loc/info/page_100/(200)
Request is: http://taggerd.workspace.loc/page/5/107/(301) -> http://taggerd.workspace.loc/info/page_107/(200)
Request is: http://taggerd.workspace.loc/page/5/123/(301) -> http://taggerd.workspace.loc/info/page_123/(200)
Request is: http://taggerd.workspace.loc/page/5/129/(301) -> http://taggerd.workspace.loc/info/page_129/(200)
Request is: http://taggerd.workspace.loc/page/5/106/(301) -> http://taggerd.workspace.loc/info/page_106/(200)
Request is: http://taggerd.workspace.loc/page/5/125(301) -> http://taggerd.workspace.loc/info/page_125/(200)
Request is: http://taggerd.workspace.loc/page/27/98(301) -> http://taggerd.workspace.loc/info/page_98/(200)
Request is: http://taggerd.workspace.loc/page/0/3(301) -> http://taggerd.workspace.loc/info/uslugi/(200)
Request is: http://taggerd.workspace.loc/page/27/99(301) -> http://taggerd.workspace.loc/info/page_99/(200)
Request is: http://taggerd.workspace.loc/page/0/2(301) -> http://taggerd.workspace.loc/info/o-kompanii/(200)
Request is: http://taggerd.workspace.loc/page/5/88(301) -> http://taggerd.workspace.loc/info/page_88/(200)
Request is: http://taggerd.workspace.loc/page/0/19(301) -> http://taggerd.workspace.loc/info/page_19/(200)
Request is: http://taggerd.workspace.loc/page/5/92/(301) -> http://taggerd.workspace.loc/info/page_92/(200)
Request is: http://taggerd.workspace.loc/page/5/101(301) -> http://taggerd.workspace.loc/info/page_101/(200)
Request is: http://taggerd.workspace.loc/page/27/39(301) -> http://taggerd.workspace.loc/info/page_39/(200)
Request is: http://taggerd.workspace.loc/page/0/133(301) -> http://taggerd.workspace.loc/info/page_133/(200)
Request is: http://taggerd.workspace.loc/page/5/104(301) -> http://taggerd.workspace.loc/info/page_104/(200)
Request is: http://taggerd.workspace.loc/page/0/19(301) -> http://taggerd.workspace.loc/info/page_19/(200)
Request is: http://taggerd.workspace.loc/page/0/29(301) -> http://taggerd.workspace.loc/info/page_29/(200)
Request is: http://taggerd.workspace.loc/page/5/92/(301) -> http://taggerd.workspace.loc/info/page_92/(200)
Request is: http://taggerd.workspace.loc/page/27/43(301) -> http://taggerd.workspace.loc/info/page_43/(200)
Request is: http://taggerd.workspace.loc/page/5/101(301) -> http://taggerd.workspace.loc/info/page_101/(200)
Request is: http://taggerd.workspace.loc/page/4/15/(301) -> http://taggerd.workspace.loc/info/page_15/(200)
Request is: http://taggerd.workspace.loc/page/27/39(301) -> http://taggerd.workspace.loc/info/page_39/(200)
Request is: http://taggerd.workspace.loc/page/27/35(301) -> http://taggerd.workspace.loc/info/page_35/(200)
Request is: http://taggerd.workspace.loc/page/0/133(301) -> http://taggerd.workspace.loc/info/page_133/(200)
Request is: http://taggerd.workspace.loc/page/4/17(301) -> http://taggerd.workspace.loc/info/page_17/(200)
Request is: http://taggerd.workspace.loc/page/0/7(301) -> http://taggerd.workspace.loc/info/page_7/(200)
Request is: http://taggerd.workspace.loc/page/0/20(301) -> http://taggerd.workspace.loc/page/0/20/(404)
Array
(
    [0] => Неверный ответ сервера: 404
)
Request is: http://taggerd.workspace.loc/page/0/28(301) -> http://taggerd.workspace.loc/info/page_28/(200)
Request is: http://taggerd.workspace.loc/page/5/151/(301) -> http://taggerd.workspace.loc/info/page_151/(200)
string(28) "http://taggerd.workspace.loc"
bool(false)
array(0) {
}
Request is: http://taggerd.workspace.loc(0) -> HTTP://http://(301)
Request is: http://taggerd.workspace.loc/page/109/134/(301) -> http://taggerd.workspace.loc/info/page_134/(200)
Request is: http://taggerd.workspace.loc/page/0/18(301) -> http://taggerd.workspace.loc/info/page_18/(200)
Request is: http://taggerd.workspace.loc/page/0/50(301) -> http://taggerd.workspace.loc/page/0/50/(404)
Array
(
    [0] => Неверный ответ сервера: 404
)
Request is: http://taggerd.workspace.loc/page/0/50(301) -> http://taggerd.workspace.loc/page/0/50/(404)
Array
(
    [0] => Неверный ответ сервера: 404
)
Request is: http://taggerd.workspace.loc/page/5/140/(301) -> http://taggerd.workspace.loc/info/page_140/(200)
Request is: http://taggerd.workspace.loc/page/27/40(301) -> http://taggerd.workspace.loc/info/page_40/(200)
Request is: http://taggerd.workspace.loc/page/0/139/(404)
Array
(
    [0] => Неверный ответ сервера: 404
)
Request is: http://taggerd.workspace.loc/page/5/105/(301) -> http://taggerd.workspace.loc/info/page_105/(200)
Request is: http://taggerd.workspace.loc/page/5/93(301) -> http://taggerd.workspace.loc/info/page_93/(200)
Request is: http://taggerd.workspace.loc/page/27/37(301) -> http://taggerd.workspace.loc/info/page_37/(200)
Request is: http://taggerd.workspace.loc/page/27/42(301) -> http://taggerd.workspace.loc/info/page_42/(200)
Request is: http://taggerd.workspace.loc/page/27/33(301) -> http://taggerd.workspace.loc/info/page_33/(200)
string(28) "http://taggerd.workspace.loc"
bool(false)
array(0) {
}
Request is: http://taggerd.workspace.loc(0) -> HTTP://http://(301)
Request is: http://taggerd.workspace.loc/page/0/48(301) -> http://taggerd.workspace.loc/info/page_48/(200)
Request is: http://taggerd.workspace.loc/page/5/108(301) -> http://taggerd.workspace.loc/info/page_108/(200)
Request is: http://taggerd.workspace.loc/page/5/22(301) -> http://taggerd.workspace.loc/info/page_22/(200)
Request is: http://taggerd.workspace.loc/page/0/12(301) -> http://taggerd.workspace.loc/info/page_12/(200)
Request is: http://taggerd.workspace.loc/page/0/109(301) -> http://taggerd.workspace.loc/info/page_109/(200)
Request is: http://taggerd.workspace.loc/page/5/149/(301) -> http://taggerd.workspace.loc/info/page_149/(200)
Request is: http://taggerd.workspace.loc/page/109/143(301) -> http://taggerd.workspace.loc/info/page_143/(200)
Request is: http://taggerd.workspace.loc/page/80/81(301) -> http://taggerd.workspace.loc/info/page_81/(200)
Request is: http://taggerd.workspace.loc/page/109/113/(301) -> http://taggerd.workspace.loc/info/page_113/(200)
Request is: http://taggerd.workspace.loc/page/0/11/(301) -> http://taggerd.workspace.loc/info/page_11/(200)
Request is: http://taggerd.workspace.loc/page/27/141/(301) -> http://taggerd.workspace.loc/info/page_141/(200)
Request is: http://taggerd.workspace.loc/page/5/87(301) -> http://taggerd.workspace.loc/info/page_87/(200)
Request is: http://taggerd.workspace.loc/page/4/146/(301) -> http://taggerd.workspace.loc/info/page_146/(200)
Request is: http://taggerd.workspace.loc/page/77/80(301) -> http://taggerd.workspace.loc/page/77/80/(404)
Array
(
    [0] => Неверный ответ сервера: 404
)
Request is: http://taggerd.workspace.loc/page/77/80/(404)
Array
(
    [0] => Неверный ответ сервера: 404
)
Request is: http://taggerd.workspace.loc/page/109/114/(301) -> http://taggerd.workspace.loc/info/page_114/(200)
Request is: http://taggerd.workspace.loc/page/78/79(301) -> http://taggerd.workspace.loc/info/page_79/(200)
Request is: http://taggerd.workspace.loc/page/5/102/(301) -> http://taggerd.workspace.loc/info/page_102/(200)
Request is: http://taggerd.workspace.loc/page/109/147/(301) -> http://taggerd.workspace.loc/info/page_147/(200)
Request is: http://taggerd.workspace.loc/page/109/110/(301) -> http://taggerd.workspace.loc/info/page_110/(200)
Request is: http://taggerd.workspace.loc/page/109/117/(301) -> http://taggerd.workspace.loc/info/page_117/(200)
Request is: http://taggerd.workspace.loc/page/109/153/(301) -> http://taggerd.workspace.loc/info/page_153/(200)
Request is: http://taggerd.workspace.loc/page/109/115/(301) -> http://taggerd.workspace.loc/info/page_115/(200)
Request is: http://taggerd.workspace.loc/page/109/111/(301) -> http://taggerd.workspace.loc/info/page_111/(200)
Request is: http://taggerd.workspace.loc/page/109/124/(301) -> http://taggerd.workspace.loc/info/page_124/(200)
Request is: http://taggerd.workspace.loc/page/109/122/(301) -> http://taggerd.workspace.loc/info/page_122/(200)
Request is: http://taggerd.workspace.loc/page/109/144/(301) -> http://taggerd.workspace.loc/info/page_144/(200)
Request is: http://taggerd.workspace.loc/page/109/119/(301) -> http://taggerd.workspace.loc/info/page_119/(200)
Request is: http://taggerd.workspace.loc/page/109/142/(301) -> http://taggerd.workspace.loc/info/page_142/(200)
Request is: http://taggerd.workspace.loc/page/109/116/(301) -> http://taggerd.workspace.loc/info/page_116/(200)
Request is: http://taggerd.workspace.loc/page/109/120/(301) -> http://taggerd.workspace.loc/info/page_120/(200)
Request is: http://taggerd.workspace.loc/page/109/121/(301) -> http://taggerd.workspace.loc/info/page_121/(200)
Request is: http://taggerd.workspace.loc/page/109/126/(301) -> http://taggerd.workspace.loc/info/page_126/(200)
